<?xml version="1.0" encoding="UTF-8"?>
<!-- Generated by org.testng.reporters.JUnitReportReporter -->
<testsuite hostname="DESKTOP-AI0QSET" failures="0" tests="1" name="practice.testng.SasmpleReportTest2" time="4.160" errors="0" timestamp="2024-10-30T14:33:14 IST" skipped="0">
  <testcase classname="practice.testng.SasmpleReportTest2" name="createContactTest" time="4.160"/>
  <system-out/>
</testsuite> <!-- practice.testng.SasmpleReportTest2 -->
