<?xml version="1.0" encoding="UTF-8"?>
<!-- Generated by org.testng.reporters.JUnitReportReporter -->
<testsuite hostname="DESKTOP-AI0QSET" failures="0" tests="3" name="practice.testng.SasmpleReportTest" time="0.026" errors="0" timestamp="2024-10-30T13:57:12 IST" skipped="0">
  <testcase classname="practice.testng.SasmpleReportTest" name="createContactTest" time="0.020"/>
  <system-out/>
  <testcase classname="practice.testng.SasmpleReportTest" name="createContactWithPhoneNumber" time="0.003"/>
  <system-out/>
  <testcase classname="practice.testng.SasmpleReportTest" name="createContactWithOrg" time="0.003"/>
  <system-out/>
</testsuite> <!-- practice.testng.SasmpleReportTest -->
