<?xml version="1.0" encoding="UTF-8"?>
<!-- Generated by org.testng.reporters.JUnitReportReporter -->
<testsuite hostname="DESKTOP-AI0QSET" failures="0" tests="1" name="practice.testng.SasmpleReportTest0" time="0.592" errors="0" timestamp="2024-10-30T14:10:11 IST" skipped="0">
  <testcase classname="practice.testng.SasmpleReportTest0" name="createContactTest" time="0.592"/>
  <system-out/>
</testsuite> <!-- practice.testng.SasmpleReportTest0 -->
