<?xml version="1.0" encoding="UTF-8"?>
<!-- Generated by org.testng.reporters.JUnitReportReporter -->
<testsuite hostname="DESKTOP-AI0QSET" failures="0" tests="1" name="practice.datadriventesting.ReadDataFromTestNGXmlTest" time="0.011" errors="0" timestamp="2024-09-28T16:34:21 IST" skipped="0">
  <testcase classname="practice.datadriventesting.ReadDataFromTestNGXmlTest" name="sampleTest" time="0.011"/>
  <system-out/>
</testsuite> <!-- practice.datadriventesting.ReadDataFromTestNGXmlTest -->
