<?xml version="1.0" encoding="UTF-8"?>
<!-- Generated by org.testng.reporters.JUnitReportReporter -->
<testsuite hostname="DESKTOP-AI0QSET" failures="0" tests="1" name="practice.datadriventesting.CreateOrgTestReadDataFromJson" time="26.072" errors="0" timestamp="2024-09-27T00:50:13 IST" skipped="0">
  <testcase classname="practice.datadriventesting.CreateOrgTestReadDataFromJson" name="createOrgtest" time="26.072"/>
  <system-out/>
</testsuite> <!-- practice.datadriventesting.CreateOrgTestReadDataFromJson -->
