<?xml version="1.0" encoding="UTF-8"?>
<!-- Generated by org.testng.reporters.JUnitReportReporter -->
<testsuite hostname="DESKTOP-AI0QSET" failures="0" tests="1" name="practice.datadriventesting.CreateOrgTestReadDataFromXml08" time="22.398" errors="0" timestamp="2024-09-28T17:04:21 IST" skipped="0">
  <testcase classname="practice.datadriventesting.CreateOrgTestReadDataFromXml08" name="createOrgtest" time="22.398"/>
  <system-out/>
</testsuite> <!-- practice.datadriventesting.CreateOrgTestReadDataFromXml08 -->
