<?xml version="1.0" encoding="UTF-8"?>
<!-- Generated by org.testng.reporters.JUnitReportReporter -->
<testsuite hostname="DESKTOP-AI0QSET" failures="0" tests="1" name="practice.datadriventesting.ReadRuntimeMavenParameterTest" time="0.018" errors="0" timestamp="2024-11-12T15:19:59 IST" skipped="0">
  <testcase classname="practice.datadriventesting.ReadRuntimeMavenParameterTest" name="runtimeParameterTest" time="0.018"/>
  <system-out/>
</testsuite> <!-- practice.datadriventesting.ReadRuntimeMavenParameterTest -->
