<?xml version="1.0" encoding="UTF-8"?>
<!-- Generated by org.testng.reporters.JUnitReportReporter -->
<testsuite hostname="DESKTOP-AI0QSET" failures="0" tests="1" name="practice.pom.repository.SampleTestWithPom" time="8.675" errors="0" timestamp="2024-10-07T18:09:56 IST" skipped="0">
  <testcase classname="practice.pom.repository.SampleTestWithPom" name="sampleTest" time="8.675"/>
  <system-out/>
</testsuite> <!-- practice.pom.repository.SampleTestWithPom -->
