<?xml version="1.0" encoding="UTF-8"?>
<!-- Generated by org.testng.reporters.JUnitReportReporter -->
<testsuite hostname="DESKTOP-AI0QSET" failures="0" tests="2" name="practice.hometest.HomePageSampleTest4" time="0.011" errors="0" timestamp="2024-10-28T13:58:15 IST" skipped="0">
  <testcase classname="practice.hometest.HomePageSampleTest4" name="verifyLogoHomePage" time="0.002"/>
  <system-out>
    <![CDATA[verifyLogoHomePageTest Start
step-1
step-2
step-3
step-4
verifyLogoHomePageTest End]]>
  </system-out>
  <testcase classname="practice.hometest.HomePageSampleTest4" name="homePageTest" time="0.009"/>
  <system-out>
    <![CDATA[homePageTest Test Start
step-1
step-2
step-3
step-4
homePageTest Test End]]>
  </system-out>
</testsuite> <!-- practice.hometest.HomePageSampleTest4 -->
