<?xml version="1.0" encoding="UTF-8"?>
<!-- Generated by org.testng.reporters.JUnitReportReporter -->
<testsuite hostname="DESKTOP-AI0QSET" failures="0" tests="1" name="practice.testng.SampleTestForScreenshot" time="5.413" errors="0" timestamp="2024-10-28T14:48:45 IST" skipped="0">
  <testcase classname="practice.testng.SampleTestForScreenshot" name="amazonTest" time="5.413"/>
  <system-out/>
</testsuite> <!-- practice.testng.SampleTestForScreenshot -->
