<?xml version="1.0" encoding="UTF-8"?>
<!-- Generated by org.testng.reporters.JUnitReportReporter -->
<testsuite hostname="DESKTOP-AI0QSET" failures="0" tests="1" name="practice.datadriventesting.CreateOrgTest4MVNcmd" time="25.219" errors="0" timestamp="25 Sep 2024 09:08:10 GMT" skipped="0">
  <testcase classname="practice.datadriventesting.CreateOrgTest4MVNcmd" name="createOrgtest" time="25.219"/>
</testsuite> <!-- practice.datadriventesting.CreateOrgTest4MVNcmd -->
