<?xml version="1.0" encoding="UTF-8"?>
<!-- Generated by org.testng.reporters.JUnitReportReporter -->
<testsuite hostname="DESKTOP-AI0QSET" failures="0" tests="1" name="practice.datadriventesting.ReadRuntimeMavenParameterTest" time="0.005" errors="0" timestamp="12 Nov 2024 09:53:33 GMT" skipped="0">
  <testcase classname="practice.datadriventesting.ReadRuntimeMavenParameterTest" name="runtimeParameterTest" time="0.005"/>
</testsuite> <!-- practice.datadriventesting.ReadRuntimeMavenParameterTest -->
