<?xml version="1.0" encoding="UTF-8"?>
<!-- Generated by org.testng.reporters.JUnitReportReporter -->
<testsuite hostname="DESKTOP-AI0QSET" failures="0" tests="1" name="practice.datadriventesting.CreateOrgTest6MVNcmd" time="22.453" errors="0" timestamp="28 Sep 2024 11:01:43 GMT" skipped="0">
  <testcase classname="practice.datadriventesting.CreateOrgTest6MVNcmd" name="createOrgtest" time="22.453"/>
</testsuite> <!-- practice.datadriventesting.CreateOrgTest6MVNcmd -->
